<?xml version="1.0" encoding="UTF-8"?>
<!-- Generated by org.testng.reporters.JUnitReportReporter -->
<testsuite hostname="classroom-PC" name="myPack.Imtiaz" tests="4" failures="0" timestamp="7 Jul 2019 05:49:35 GMT" time="37.509" errors="0">
  <testcase name="editEmp" time="0.001" classname="myPack.Imtiaz"/>
  <testcase name="verifyLogin" time="9.575" classname="myPack.Imtiaz"/>
  <testcase name="deleteEmp" time="0.000" classname="myPack.Imtiaz"/>
  <testcase name="addEmp" time="27.933" classname="myPack.Imtiaz"/>
</testsuite> <!-- myPack.Imtiaz -->
